<?xml version="1.0" encoding="UTF-8"?>
<!-- Generated by org.testng.reporters.JUnitReportReporter -->
<testsuite skipped="0" hostname="DESKTOP-4OER0U3" name="TestNGEx.DataProviderEx" tests="2" failures="0" timestamp="2022-12-10T17:18:55 IST" time="0.009" errors="0">
  <testcase name="f" time="0.008" classname="TestNGEx.DataProviderEx"/>
  <system-out/>
  <testcase name="f" time="0.001" classname="TestNGEx.DataProviderEx"/>
  <system-out/>
</testsuite> <!-- TestNGEx.DataProviderEx -->
