<?xml version="1.0" encoding="UTF-8"?>
<!-- Generated by org.testng.reporters.JUnitReportReporter -->
<testsuite hostname="DESKTOP-4OER0U3" failures="0" tests="6" name="TestNGEx.Test2" time="0.017" errors="0" timestamp="2022-11-13T18:31:11 IST" skipped="0">
  <testcase classname="TestNGEx.Test2" name="a" time="0.002"/>
  <system-out/>
  <testcase classname="TestNGEx.Test2" name="c" time="0.002"/>
  <system-out/>
  <testcase classname="TestNGEx.Test2" name="B" time="0.001"/>
  <system-out/>
  <testcase classname="TestNGEx.Test2" name="b" time="0.001"/>
  <system-out/>
  <testcase classname="TestNGEx.Test2" name="C" time="0.001"/>
  <system-out/>
  <testcase classname="TestNGEx.Test2" name="A" time="0.010"/>
  <system-out/>
</testsuite> <!-- TestNGEx.Test2 -->
