<?xml version="1.0" encoding="UTF-8"?>
<!-- Generated by org.testng.reporters.JUnitReportReporter -->
<testsuite hostname="DESKTOP-4OER0U3" failures="0" tests="3" name="TestNGEx.DataProviderEx2" time="0.014" errors="0" timestamp="2022-11-24T15:38:22 IST" skipped="0">
  <testcase classname="TestNGEx.DataProviderEx2" name="f" time="0.001"/>
  <system-out/>
  <testcase classname="TestNGEx.DataProviderEx2" name="f" time="0.004"/>
  <system-out/>
  <testcase classname="TestNGEx.DataProviderEx2" name="f" time="0.009"/>
  <system-out/>
</testsuite> <!-- TestNGEx.DataProviderEx2 -->
