<?xml version="1.0" encoding="UTF-8"?>
<!-- Generated by org.testng.reporters.JUnitReportReporter -->
<testsuite hostname="DESKTOP-4OER0U3" failures="0" tests="2" name="TestNGEx.NewTest" time="0.019" errors="0" timestamp="2022-11-11T10:52:27 IST" skipped="0">
  <testcase classname="TestNGEx.NewTest" name="test1" time="0.016"/>
  <system-out/>
  <testcase classname="TestNGEx.NewTest" name="test2" time="0.003"/>
  <system-out/>
</testsuite> <!-- TestNGEx.NewTest -->
