<?xml version="1.0" encoding="UTF-8"?>
<!-- Generated by org.testng.reporters.JUnitReportReporter -->
<testsuite hostname="DESKTOP-4OER0U3" failures="0" tests="3" name="com.jbk.EnabledEx" time="0.002" errors="0" timestamp="2022-11-25T15:24:36 IST" skipped="1">
  <testcase classname="com.jbk.EnabledEx" name="login" time="0.001"/>
  <system-out/>
  <testcase classname="com.jbk.EnabledEx" name="user" time="0.001"/>
  <system-out/>
  <testcase classname="com.jbk.EnabledEx" name="dash">
    <skipped/>
  </testcase> <!-- dash -->
  <system-out/>
</testsuite> <!-- com.jbk.EnabledEx -->
