<?xml version="1.0" encoding="UTF-8"?>
<!-- Generated by org.testng.reporters.JUnitReportReporter -->
<testsuite hostname="DESKTOP-4OER0U3" failures="0" tests="3" name="com.jbk.DemoTest1" time="0.012" errors="0" timestamp="2022-11-25T00:48:19 IST" skipped="0">
  <testcase classname="com.jbk.DemoTest1" name="user" time="0.001"/>
  <system-out/>
  <testcase classname="com.jbk.DemoTest1" name="logIn" time="0.010"/>
  <system-out/>
  <testcase classname="com.jbk.DemoTest1" name="dash" time="0.001"/>
  <system-out/>
</testsuite> <!-- com.jbk.DemoTest1 -->
