<?xml version="1.0" encoding="UTF-8"?>
<testsuite xmlns:xsi="http://www.w3.org/2001/XMLSchema-instance" xsi:noNamespaceSchemaLocation="https://maven.apache.org/surefire/maven-surefire-plugin/xsd/surefire-test-report-3.0.xsd" version="3.0" name="TestSuite" time="3.121" tests="4" errors="0" skipped="3" failures="1">
  <properties>
    <property name="sun.desktop" value="windows"/>
    <property name="awt.toolkit" value="sun.awt.windows.WToolkit"/>
    <property name="file.encoding.pkg" value="sun.io"/>
    <property name="java.specification.version" value="1.8"/>
    <property name="sun.cpu.isalist" value="amd64"/>
    <property name="sun.jnu.encoding" value="Cp1252"/>
    <property name="java.class.path" value="C:\Users\Chaitali\eclipse-workspace\OJT Selenium\HybridFramework225\target\test-classes;C:\Users\Chaitali\eclipse-workspace\OJT Selenium\HybridFramework225\target\classes;C:\Users\Chaitali\.m2\repository\org\seleniumhq\selenium\selenium-java\3.141.59\selenium-java-3.141.59.jar;C:\Users\Chaitali\.m2\repository\org\seleniumhq\selenium\selenium-api\3.141.59\selenium-api-3.141.59.jar;C:\Users\Chaitali\.m2\repository\org\seleniumhq\selenium\selenium-chrome-driver\3.141.59\selenium-chrome-driver-3.141.59.jar;C:\Users\Chaitali\.m2\repository\org\seleniumhq\selenium\selenium-edge-driver\3.141.59\selenium-edge-driver-3.141.59.jar;C:\Users\Chaitali\.m2\repository\org\seleniumhq\selenium\selenium-firefox-driver\3.141.59\selenium-firefox-driver-3.141.59.jar;C:\Users\Chaitali\.m2\repository\org\seleniumhq\selenium\selenium-ie-driver\3.141.59\selenium-ie-driver-3.141.59.jar;C:\Users\Chaitali\.m2\repository\org\seleniumhq\selenium\selenium-opera-driver\3.141.59\selenium-opera-driver-3.141.59.jar;C:\Users\Chaitali\.m2\repository\org\seleniumhq\selenium\selenium-remote-driver\3.141.59\selenium-remote-driver-3.141.59.jar;C:\Users\Chaitali\.m2\repository\org\seleniumhq\selenium\selenium-safari-driver\3.141.59\selenium-safari-driver-3.141.59.jar;C:\Users\Chaitali\.m2\repository\org\seleniumhq\selenium\selenium-support\3.141.59\selenium-support-3.141.59.jar;C:\Users\Chaitali\.m2\repository\net\bytebuddy\byte-buddy\1.8.15\byte-buddy-1.8.15.jar;C:\Users\Chaitali\.m2\repository\org\apache\commons\commons-exec\1.3\commons-exec-1.3.jar;C:\Users\Chaitali\.m2\repository\com\google\guava\guava\25.0-jre\guava-25.0-jre.jar;C:\Users\Chaitali\.m2\repository\com\google\code\findbugs\jsr305\1.3.9\jsr305-1.3.9.jar;C:\Users\Chaitali\.m2\repository\org\checkerframework\checker-compat-qual\2.0.0\checker-compat-qual-2.0.0.jar;C:\Users\Chaitali\.m2\repository\com\google\errorprone\error_prone_annotations\2.1.3\error_prone_annotations-2.1.3.jar;C:\Users\Chaitali\.m2\repository\com\google\j2objc\j2objc-annotations\1.1\j2objc-annotations-1.1.jar;C:\Users\Chaitali\.m2\repository\org\codehaus\mojo\animal-sniffer-annotations\1.14\animal-sniffer-annotations-1.14.jar;C:\Users\Chaitali\.m2\repository\com\squareup\okhttp3\okhttp\3.11.0\okhttp-3.11.0.jar;C:\Users\Chaitali\.m2\repository\com\squareup\okio\okio\1.14.0\okio-1.14.0.jar;C:\Users\Chaitali\.m2\repository\org\testng\testng\6.14.3\testng-6.14.3.jar;C:\Users\Chaitali\.m2\repository\com\beust\jcommander\1.72\jcommander-1.72.jar;C:\Users\Chaitali\.m2\repository\org\apache-extras\beanshell\bsh\2.0b6\bsh-2.0b6.jar;C:\Users\Chaitali\.m2\repository\com\aventstack\extentreports\5.0.9\extentreports-5.0.9.jar;C:\Users\Chaitali\.m2\repository\io\reactivex\rxjava3\rxjava\3.0.4\rxjava-3.0.4.jar;C:\Users\Chaitali\.m2\repository\org\reactivestreams\reactive-streams\1.0.3\reactive-streams-1.0.3.jar;C:\Users\Chaitali\.m2\repository\org\freemarker\freemarker\2.3.30\freemarker-2.3.30.jar;C:\Users\Chaitali\.m2\repository\org\projectlombok\lombok\1.18.12\lombok-1.18.12.jar;C:\Users\Chaitali\.m2\repository\com\google\code\gson\gson\2.8.6\gson-2.8.6.jar;C:\Users\Chaitali\.m2\repository\org\apache\poi\poi\5.2.2\poi-5.2.2.jar;C:\Users\Chaitali\.m2\repository\commons-codec\commons-codec\1.15\commons-codec-1.15.jar;C:\Users\Chaitali\.m2\repository\org\apache\commons\commons-collections4\4.4\commons-collections4-4.4.jar;C:\Users\Chaitali\.m2\repository\org\apache\commons\commons-math3\3.6.1\commons-math3-3.6.1.jar;C:\Users\Chaitali\.m2\repository\com\zaxxer\SparseBitSet\1.2\SparseBitSet-1.2.jar;C:\Users\Chaitali\.m2\repository\org\apache\logging\log4j\log4j-api\2.17.2\log4j-api-2.17.2.jar;C:\Users\Chaitali\.m2\repository\org\apache\poi\poi-ooxml\5.2.2\poi-ooxml-5.2.2.jar;C:\Users\Chaitali\.m2\repository\org\apache\poi\poi-ooxml-lite\5.2.2\poi-ooxml-lite-5.2.2.jar;C:\Users\Chaitali\.m2\repository\org\apache\xmlbeans\xmlbeans\5.0.3\xmlbeans-5.0.3.jar;C:\Users\Chaitali\.m2\repository\xml-apis\xml-apis\1.4.01\xml-apis-1.4.01.jar;C:\Users\Chaitali\.m2\repository\org\apache\commons\commons-compress\1.21\commons-compress-1.21.jar;C:\Users\Chaitali\.m2\repository\com\github\virtuald\curvesapi\1.07\curvesapi-1.07.jar;C:\Users\Chaitali\.m2\repository\commons-io\commons-io\2.11.0\commons-io-2.11.0.jar;C:\Users\Chaitali\.m2\repository\log4j\log4j\1.2.17\log4j-1.2.17.jar;"/>
    <property name="java.vm.vendor" value="Oracle Corporation"/>
    <property name="sun.arch.data.model" value="64"/>
    <property name="user.variant" value=""/>
    <property name="java.vendor.url" value="http://java.oracle.com/"/>
    <property name="user.timezone" value="Asia/Calcutta"/>
    <property name="java.vm.specification.version" value="1.8"/>
    <property name="os.name" value="Windows 10"/>
    <property name="user.country" value="IN"/>
    <property name="sun.java.launcher" value="SUN_STANDARD"/>
    <property name="sun.boot.library.path" value="C:\Program Files\Java\jdk1.8.0_144\jre\bin"/>
    <property name="sun.java.command" value="C:\Users\Chaitali\AppData\Local\Temp\surefire4008627836037969397\surefirebooter7000064916945248375.jar C:\Users\Chaitali\AppData\Local\Temp\surefire4008627836037969397 2022-12-10T09-27-02_273-jvmRun1 surefire5829097018749060963tmp surefire_07939221895199587286tmp"/>
    <property name="surefire.test.class.path" value="C:\Users\Chaitali\eclipse-workspace\OJT Selenium\HybridFramework225\target\test-classes;C:\Users\Chaitali\eclipse-workspace\OJT Selenium\HybridFramework225\target\classes;C:\Users\Chaitali\.m2\repository\org\seleniumhq\selenium\selenium-java\3.141.59\selenium-java-3.141.59.jar;C:\Users\Chaitali\.m2\repository\org\seleniumhq\selenium\selenium-api\3.141.59\selenium-api-3.141.59.jar;C:\Users\Chaitali\.m2\repository\org\seleniumhq\selenium\selenium-chrome-driver\3.141.59\selenium-chrome-driver-3.141.59.jar;C:\Users\Chaitali\.m2\repository\org\seleniumhq\selenium\selenium-edge-driver\3.141.59\selenium-edge-driver-3.141.59.jar;C:\Users\Chaitali\.m2\repository\org\seleniumhq\selenium\selenium-firefox-driver\3.141.59\selenium-firefox-driver-3.141.59.jar;C:\Users\Chaitali\.m2\repository\org\seleniumhq\selenium\selenium-ie-driver\3.141.59\selenium-ie-driver-3.141.59.jar;C:\Users\Chaitali\.m2\repository\org\seleniumhq\selenium\selenium-opera-driver\3.141.59\selenium-opera-driver-3.141.59.jar;C:\Users\Chaitali\.m2\repository\org\seleniumhq\selenium\selenium-remote-driver\3.141.59\selenium-remote-driver-3.141.59.jar;C:\Users\Chaitali\.m2\repository\org\seleniumhq\selenium\selenium-safari-driver\3.141.59\selenium-safari-driver-3.141.59.jar;C:\Users\Chaitali\.m2\repository\org\seleniumhq\selenium\selenium-support\3.141.59\selenium-support-3.141.59.jar;C:\Users\Chaitali\.m2\repository\net\bytebuddy\byte-buddy\1.8.15\byte-buddy-1.8.15.jar;C:\Users\Chaitali\.m2\repository\org\apache\commons\commons-exec\1.3\commons-exec-1.3.jar;C:\Users\Chaitali\.m2\repository\com\google\guava\guava\25.0-jre\guava-25.0-jre.jar;C:\Users\Chaitali\.m2\repository\com\google\code\findbugs\jsr305\1.3.9\jsr305-1.3.9.jar;C:\Users\Chaitali\.m2\repository\org\checkerframework\checker-compat-qual\2.0.0\checker-compat-qual-2.0.0.jar;C:\Users\Chaitali\.m2\repository\com\google\errorprone\error_prone_annotations\2.1.3\error_prone_annotations-2.1.3.jar;C:\Users\Chaitali\.m2\repository\com\google\j2objc\j2objc-annotations\1.1\j2objc-annotations-1.1.jar;C:\Users\Chaitali\.m2\repository\org\codehaus\mojo\animal-sniffer-annotations\1.14\animal-sniffer-annotations-1.14.jar;C:\Users\Chaitali\.m2\repository\com\squareup\okhttp3\okhttp\3.11.0\okhttp-3.11.0.jar;C:\Users\Chaitali\.m2\repository\com\squareup\okio\okio\1.14.0\okio-1.14.0.jar;C:\Users\Chaitali\.m2\repository\org\testng\testng\6.14.3\testng-6.14.3.jar;C:\Users\Chaitali\.m2\repository\com\beust\jcommander\1.72\jcommander-1.72.jar;C:\Users\Chaitali\.m2\repository\org\apache-extras\beanshell\bsh\2.0b6\bsh-2.0b6.jar;C:\Users\Chaitali\.m2\repository\com\aventstack\extentreports\5.0.9\extentreports-5.0.9.jar;C:\Users\Chaitali\.m2\repository\io\reactivex\rxjava3\rxjava\3.0.4\rxjava-3.0.4.jar;C:\Users\Chaitali\.m2\repository\org\reactivestreams\reactive-streams\1.0.3\reactive-streams-1.0.3.jar;C:\Users\Chaitali\.m2\repository\org\freemarker\freemarker\2.3.30\freemarker-2.3.30.jar;C:\Users\Chaitali\.m2\repository\org\projectlombok\lombok\1.18.12\lombok-1.18.12.jar;C:\Users\Chaitali\.m2\repository\com\google\code\gson\gson\2.8.6\gson-2.8.6.jar;C:\Users\Chaitali\.m2\repository\org\apache\poi\poi\5.2.2\poi-5.2.2.jar;C:\Users\Chaitali\.m2\repository\commons-codec\commons-codec\1.15\commons-codec-1.15.jar;C:\Users\Chaitali\.m2\repository\org\apache\commons\commons-collections4\4.4\commons-collections4-4.4.jar;C:\Users\Chaitali\.m2\repository\org\apache\commons\commons-math3\3.6.1\commons-math3-3.6.1.jar;C:\Users\Chaitali\.m2\repository\com\zaxxer\SparseBitSet\1.2\SparseBitSet-1.2.jar;C:\Users\Chaitali\.m2\repository\org\apache\logging\log4j\log4j-api\2.17.2\log4j-api-2.17.2.jar;C:\Users\Chaitali\.m2\repository\org\apache\poi\poi-ooxml\5.2.2\poi-ooxml-5.2.2.jar;C:\Users\Chaitali\.m2\repository\org\apache\poi\poi-ooxml-lite\5.2.2\poi-ooxml-lite-5.2.2.jar;C:\Users\Chaitali\.m2\repository\org\apache\xmlbeans\xmlbeans\5.0.3\xmlbeans-5.0.3.jar;C:\Users\Chaitali\.m2\repository\xml-apis\xml-apis\1.4.01\xml-apis-1.4.01.jar;C:\Users\Chaitali\.m2\repository\org\apache\commons\commons-compress\1.21\commons-compress-1.21.jar;C:\Users\Chaitali\.m2\repository\com\github\virtuald\curvesapi\1.07\curvesapi-1.07.jar;C:\Users\Chaitali\.m2\repository\commons-io\commons-io\2.11.0\commons-io-2.11.0.jar;C:\Users\Chaitali\.m2\repository\log4j\log4j\1.2.17\log4j-1.2.17.jar;"/>
    <property name="sun.cpu.endian" value="little"/>
    <property name="user.home" value="C:\Users\Chaitali"/>
    <property name="user.language" value="en"/>
    <property name="java.specification.vendor" value="Oracle Corporation"/>
    <property name="java.home" value="C:\Program Files\Java\jdk1.8.0_144\jre"/>
    <property name="basedir" value="C:\Users\Chaitali\eclipse-workspace\OJT Selenium\HybridFramework225"/>
    <property name="file.separator" value="\"/>
    <property name="line.separator" value="&#10;"/>
    <property name="java.vm.specification.vendor" value="Oracle Corporation"/>
    <property name="java.specification.name" value="Java Platform API Specification"/>
    <property name="java.awt.graphicsenv" value="sun.awt.Win32GraphicsEnvironment"/>
    <property name="surefire.real.class.path" value="C:\Users\Chaitali\AppData\Local\Temp\surefire4008627836037969397\surefirebooter7000064916945248375.jar"/>
    <property name="sun.boot.class.path" value="C:\Program Files\Java\jdk1.8.0_144\jre\lib\resources.jar;C:\Program Files\Java\jdk1.8.0_144\jre\lib\rt.jar;C:\Program Files\Java\jdk1.8.0_144\jre\lib\sunrsasign.jar;C:\Program Files\Java\jdk1.8.0_144\jre\lib\jsse.jar;C:\Program Files\Java\jdk1.8.0_144\jre\lib\jce.jar;C:\Program Files\Java\jdk1.8.0_144\jre\lib\charsets.jar;C:\Program Files\Java\jdk1.8.0_144\jre\lib\jfr.jar;C:\Program Files\Java\jdk1.8.0_144\jre\classes"/>
    <property name="user.script" value=""/>
    <property name="sun.management.compiler" value="HotSpot 64-Bit Tiered Compilers"/>
    <property name="java.runtime.version" value="1.8.0_144-b01"/>
    <property name="user.name" value="Chaitali"/>
    <property name="path.separator" value=";"/>
    <property name="os.version" value="10.0"/>
    <property name="java.endorsed.dirs" value="C:\Program Files\Java\jdk1.8.0_144\jre\lib\endorsed"/>
    <property name="java.runtime.name" value="Java(TM) SE Runtime Environment"/>
    <property name="file.encoding" value="Cp1252"/>
    <property name="java.vm.name" value="Java HotSpot(TM) 64-Bit Server VM"/>
    <property name="localRepository" value="C:\Users\Chaitali\.m2\repository"/>
    <property name="java.vendor.url.bug" value="http://bugreport.sun.com/bugreport/"/>
    <property name="java.io.tmpdir" value="C:\Users\Chaitali\AppData\Local\Temp\"/>
    <property name="java.version" value="1.8.0_144"/>
    <property name="user.dir" value="C:\Users\Chaitali\eclipse-workspace\OJT Selenium\HybridFramework225"/>
    <property name="os.arch" value="amd64"/>
    <property name="java.vm.specification.name" value="Java Virtual Machine Specification"/>
    <property name="java.awt.printerjob" value="sun.awt.windows.WPrinterJob"/>
    <property name="sun.os.patch.level" value=""/>
    <property name="java.library.path" value="C:\Program Files\Java\jdk1.8.0_144\jre\bin;C:\WINDOWS\Sun\Java\bin;C:\WINDOWS\system32;C:\WINDOWS;C:/Users/Chaitali/.p2/pool/plugins/org.eclipse.justj.openjdk.hotspot.jre.full.win32.x86_64_17.0.2.v20220201-1208/jre/bin/server;C:/Users/Chaitali/.p2/pool/plugins/org.eclipse.justj.openjdk.hotspot.jre.full.win32.x86_64_17.0.2.v20220201-1208/jre/bin;C:\Program Files\Common Files\Oracle\Java\javapath;C:\ProgramData\Oracle\Java\javapath;C:\WINDOWS\system32;C:\WINDOWS;C:\WINDOWS\System32\Wbem;C:\WINDOWS\System32\WindowsPowerShell\v1.0\;C:\WINDOWS\System32\OpenSSH\;C:\Program Files\MySQL\MySQL Server 8.0\bin;C:\Program Files\Git\cmd;C:\Program Files\MySQL\MySQL Shell 8.0\bin\;C:\Users\Chaitali\AppData\Local\Microsoft\WindowsApps;;C:\Users\Chaitali\Desktop;;."/>
    <property name="java.vm.info" value="mixed mode"/>
    <property name="java.vendor" value="Oracle Corporation"/>
    <property name="java.vm.version" value="25.144-b01"/>
    <property name="java.ext.dirs" value="C:\Program Files\Java\jdk1.8.0_144\jre\lib\ext;C:\WINDOWS\Sun\Java\lib\ext"/>
    <property name="sun.io.unicode.encoding" value="UnicodeLittle"/>
    <property name="java.class.version" value="52.0"/>
  </properties>
  <testcase name="setup" classname="com.tests.LoginTest" time="2.921">
    <failure message="session not created: This version of ChromeDriver only supports Chrome version 108&#10;Current browser version is 107.0.5304.121 with binary path C:\Program Files (x86)\Google\Chrome\Application\chrome.exe&#10;Build info: version: &apos;3.141.59&apos;, revision: &apos;e82be7d358&apos;, time: &apos;2018-11-14T08:17:03&apos;&#10;System info: host: &apos;DESKTOP-4OER0U3&apos;, ip: &apos;192.168.0.104&apos;, os.name: &apos;Windows 10&apos;, os.arch: &apos;amd64&apos;, os.version: &apos;10.0&apos;, java.version: &apos;1.8.0_144&apos;&#10;Driver info: driver.version: ChromeDriver&#10;remote stacktrace: Backtrace:&#10;	(No symbol) [0x00EBF243]&#10;	(No symbol) [0x00E47FD1]&#10;	(No symbol) [0x00D3D04D]&#10;	(No symbol) [0x00D5F6B4]&#10;	(No symbol) [0x00D5A97C]&#10;	(No symbol) [0x00D582E9]&#10;	(No symbol) [0x00D8F056]&#10;	(No symbol) [0x00D8EB2A]&#10;	(No symbol) [0x00D88386]&#10;	(No symbol) [0x00D6163C]&#10;	(No symbol) [0x00D6269D]&#10;	GetHandleVerifier [0x01159A22+2655074]&#10;	GetHandleVerifier [0x0114CA24+2601828]&#10;	GetHandleVerifier [0x00F68C0A+619850]&#10;	GetHandleVerifier [0x00F67830+614768]&#10;	(No symbol) [0x00E505FC]&#10;	(No symbol) [0x00E55968]&#10;	(No symbol) [0x00E55A55]&#10;	(No symbol) [0x00E6051B]&#10;	BaseThreadInitThunk [0x76E56939+25]&#10;	RtlGetFullPathName_UEx [0x77278FD2+1218]&#10;	RtlGetFullPathName_UEx [0x77278F9D+1165]&#10;" type="org.openqa.selenium.SessionNotCreatedException"><![CDATA[org.openqa.selenium.SessionNotCreatedException: 
session not created: This version of ChromeDriver only supports Chrome version 108
Current browser version is 107.0.5304.121 with binary path C:\Program Files (x86)\Google\Chrome\Application\chrome.exe
Build info: version: '3.141.59', revision: 'e82be7d358', time: '2018-11-14T08:17:03'
System info: host: 'DESKTOP-4OER0U3', ip: '192.168.0.104', os.name: 'Windows 10', os.arch: 'amd64', os.version: '10.0', java.version: '1.8.0_144'
Driver info: driver.version: ChromeDriver
remote stacktrace: Backtrace:
	(No symbol) [0x00EBF243]
	(No symbol) [0x00E47FD1]
	(No symbol) [0x00D3D04D]
	(No symbol) [0x00D5F6B4]
	(No symbol) [0x00D5A97C]
	(No symbol) [0x00D582E9]
	(No symbol) [0x00D8F056]
	(No symbol) [0x00D8EB2A]
	(No symbol) [0x00D88386]
	(No symbol) [0x00D6163C]
	(No symbol) [0x00D6269D]
	GetHandleVerifier [0x01159A22+2655074]
	GetHandleVerifier [0x0114CA24+2601828]
	GetHandleVerifier [0x00F68C0A+619850]
	GetHandleVerifier [0x00F67830+614768]
	(No symbol) [0x00E505FC]
	(No symbol) [0x00E55968]
	(No symbol) [0x00E55A55]
	(No symbol) [0x00E6051B]
	BaseThreadInitThunk [0x76E56939+25]
	RtlGetFullPathName_UEx [0x77278FD2+1218]
	RtlGetFullPathName_UEx [0x77278F9D+1165]

	at com.tests.LoginTest.setup(LoginTest.java:18)
]]></failure>
    <system-out><![CDATA[[TestNGContentHandler] [WARN] It is strongly recommended to add "<!DOCTYPE suite SYSTEM "http://testng.org/testng-1.0.dtd" >" at the top of your file, otherwise TestNG may fail or not work as expected.
reading property file for browser name
12-10-2022 09:27:04 BaseClass.java INFO  [main] base.BaseClass 30 - reading property file for browser name
]]></system-out>
    <system-err><![CDATA[Starting ChromeDriver 108.0.5359.71 (1e0e3868ee06e91ad636a874420e3ca3ae3756ac-refs/branch-heads/5359@{#1016}) on port 16370
Only local connections are allowed.
Please see https://chromedriver.chromium.org/security-considerations for suggestions on keeping ChromeDriver safe.
ChromeDriver was started successfully.
]]></system-err>
  </testcase>
  <testcase name="test01" classname="com.tests.LoginTest" time="0">
    <skipped message="session not created: This version of ChromeDriver only supports Chrome version 108&#10;Current browser version is 107.0.5304.121 with binary path C:\Program Files (x86)\Google\Chrome\Application\chrome.exe&#10;Build info: version: &apos;3.141.59&apos;, revision: &apos;e82be7d358&apos;, time: &apos;2018-11-14T08:17:03&apos;&#10;System info: host: &apos;DESKTOP-4OER0U3&apos;, ip: &apos;192.168.0.104&apos;, os.name: &apos;Windows 10&apos;, os.arch: &apos;amd64&apos;, os.version: &apos;10.0&apos;, java.version: &apos;1.8.0_144&apos;&#10;Driver info: driver.version: ChromeDriver&#10;remote stacktrace: Backtrace:&#10;	(No symbol) [0x00EBF243]&#10;	(No symbol) [0x00E47FD1]&#10;	(No symbol) [0x00D3D04D]&#10;	(No symbol) [0x00D5F6B4]&#10;	(No symbol) [0x00D5A97C]&#10;	(No symbol) [0x00D582E9]&#10;	(No symbol) [0x00D8F056]&#10;	(No symbol) [0x00D8EB2A]&#10;	(No symbol) [0x00D88386]&#10;	(No symbol) [0x00D6163C]&#10;	(No symbol) [0x00D6269D]&#10;	GetHandleVerifier [0x01159A22+2655074]&#10;	GetHandleVerifier [0x0114CA24+2601828]&#10;	GetHandleVerifier [0x00F68C0A+619850]&#10;	GetHandleVerifier [0x00F67830+614768]&#10;	(No symbol) [0x00E505FC]&#10;	(No symbol) [0x00E55968]&#10;	(No symbol) [0x00E55A55]&#10;	(No symbol) [0x00E6051B]&#10;	BaseThreadInitThunk [0x76E56939+25]&#10;	RtlGetFullPathName_UEx [0x77278FD2+1218]&#10;	RtlGetFullPathName_UEx [0x77278F9D+1165]&#10;"/>
  </testcase>
  <testcase name="test02" classname="com.tests.LoginTest" time="0">
    <skipped message="session not created: This version of ChromeDriver only supports Chrome version 108&#10;Current browser version is 107.0.5304.121 with binary path C:\Program Files (x86)\Google\Chrome\Application\chrome.exe&#10;Build info: version: &apos;3.141.59&apos;, revision: &apos;e82be7d358&apos;, time: &apos;2018-11-14T08:17:03&apos;&#10;System info: host: &apos;DESKTOP-4OER0U3&apos;, ip: &apos;192.168.0.104&apos;, os.name: &apos;Windows 10&apos;, os.arch: &apos;amd64&apos;, os.version: &apos;10.0&apos;, java.version: &apos;1.8.0_144&apos;&#10;Driver info: driver.version: ChromeDriver&#10;remote stacktrace: Backtrace:&#10;	(No symbol) [0x00EBF243]&#10;	(No symbol) [0x00E47FD1]&#10;	(No symbol) [0x00D3D04D]&#10;	(No symbol) [0x00D5F6B4]&#10;	(No symbol) [0x00D5A97C]&#10;	(No symbol) [0x00D582E9]&#10;	(No symbol) [0x00D8F056]&#10;	(No symbol) [0x00D8EB2A]&#10;	(No symbol) [0x00D88386]&#10;	(No symbol) [0x00D6163C]&#10;	(No symbol) [0x00D6269D]&#10;	GetHandleVerifier [0x01159A22+2655074]&#10;	GetHandleVerifier [0x0114CA24+2601828]&#10;	GetHandleVerifier [0x00F68C0A+619850]&#10;	GetHandleVerifier [0x00F67830+614768]&#10;	(No symbol) [0x00E505FC]&#10;	(No symbol) [0x00E55968]&#10;	(No symbol) [0x00E55A55]&#10;	(No symbol) [0x00E6051B]&#10;	BaseThreadInitThunk [0x76E56939+25]&#10;	RtlGetFullPathName_UEx [0x77278FD2+1218]&#10;	RtlGetFullPathName_UEx [0x77278F9D+1165]&#10;"/>
  </testcase>
  <testcase name="test03" classname="com.tests.LoginTest" time="0">
    <skipped message="session not created: This version of ChromeDriver only supports Chrome version 108&#10;Current browser version is 107.0.5304.121 with binary path C:\Program Files (x86)\Google\Chrome\Application\chrome.exe&#10;Build info: version: &apos;3.141.59&apos;, revision: &apos;e82be7d358&apos;, time: &apos;2018-11-14T08:17:03&apos;&#10;System info: host: &apos;DESKTOP-4OER0U3&apos;, ip: &apos;192.168.0.104&apos;, os.name: &apos;Windows 10&apos;, os.arch: &apos;amd64&apos;, os.version: &apos;10.0&apos;, java.version: &apos;1.8.0_144&apos;&#10;Driver info: driver.version: ChromeDriver&#10;remote stacktrace: Backtrace:&#10;	(No symbol) [0x00EBF243]&#10;	(No symbol) [0x00E47FD1]&#10;	(No symbol) [0x00D3D04D]&#10;	(No symbol) [0x00D5F6B4]&#10;	(No symbol) [0x00D5A97C]&#10;	(No symbol) [0x00D582E9]&#10;	(No symbol) [0x00D8F056]&#10;	(No symbol) [0x00D8EB2A]&#10;	(No symbol) [0x00D88386]&#10;	(No symbol) [0x00D6163C]&#10;	(No symbol) [0x00D6269D]&#10;	GetHandleVerifier [0x01159A22+2655074]&#10;	GetHandleVerifier [0x0114CA24+2601828]&#10;	GetHandleVerifier [0x00F68C0A+619850]&#10;	GetHandleVerifier [0x00F67830+614768]&#10;	(No symbol) [0x00E505FC]&#10;	(No symbol) [0x00E55968]&#10;	(No symbol) [0x00E55A55]&#10;	(No symbol) [0x00E6051B]&#10;	BaseThreadInitThunk [0x76E56939+25]&#10;	RtlGetFullPathName_UEx [0x77278FD2+1218]&#10;	RtlGetFullPathName_UEx [0x77278F9D+1165]&#10;"/>
  </testcase>
</testsuite>