<?xml version="1.0" encoding="UTF-8"?>
<!-- Generated by org.testng.reporters.JUnitReportReporter -->
<testsuite skipped="0" hostname="DESKTOP-4OER0U3" name="com.ActionEx.MyActions" tests="1" failures="0" timestamp="2022-12-11T22:06:41 IST" time="7.261" errors="0">
  <testcase name="test01" time="7.261" classname="com.ActionEx.MyActions"/>
  <system-out/>
</testsuite> <!-- com.ActionEx.MyActions -->
