<?xml version="1.0" encoding="UTF-8"?>
<!-- Generated by org.testng.reporters.JUnitReportReporter -->
<testsuite skipped="0" hostname="DESKTOP-4OER0U3" name="com.waitexamples.WaitEx" tests="1" failures="0" timestamp="2022-12-11T23:27:08 IST" time="2.411" errors="0">
  <testcase name="test01" time="2.411" classname="com.waitexamples.WaitEx"/>
  <system-out/>
</testsuite> <!-- com.waitexamples.WaitEx -->
