<?xml version="1.0" encoding="UTF-8"?>
<!-- Generated by org.testng.reporters.JUnitReportReporter -->
<testsuite skipped="0" hostname="DESKTOP-4OER0U3" name="com.tests.DemoTest2" tests="1" failures="0" timestamp="2022-12-11T15:25:16 IST" time="0.001" errors="0">
  <testcase name="test01" time="0.001" classname="com.tests.DemoTest2"/>
  <system-out/>
</testsuite> <!-- com.tests.DemoTest2 -->
