<?xml version="1.0" encoding="UTF-8"?>
<!-- Generated by org.testng.reporters.JUnitReportReporter -->
<testsuite hostname="DESKTOP-4OER0U3" failures="0" tests="1" name="com.javaScriptExecutor.JavaScriptExecutor" time="10.311" errors="0" timestamp="2022-11-29T22:29:54 IST" skipped="0">
  <testcase classname="com.javaScriptExecutor.JavaScriptExecutor" name="test01" time="10.311"/>
  <system-out/>
</testsuite> <!-- com.javaScriptExecutor.JavaScriptExecutor -->
