<?xml version="1.0" encoding="UTF-8"?>
<!-- Generated by org.testng.reporters.JUnitReportReporter -->
<testsuite hostname="DESKTOP-4OER0U3" failures="0" tests="1" name="com.tests.LoginWithExcel" time="4.297" errors="0" timestamp="2022-11-29T01:02:46 IST" skipped="0">
  <testcase classname="com.tests.LoginWithExcel" name="loginTest" time="4.297"/>
  <system-out/>
</testsuite> <!-- com.tests.LoginWithExcel -->
