<?xml version="1.0" encoding="UTF-8"?>
<!-- Generated by org.testng.reporters.JUnitReportReporter -->
<testsuite hostname="DESKTOP-4OER0U3" failures="0" tests="1" name="com.Window.WindowHandleEx" time="5.282" errors="0" timestamp="2022-11-28T01:31:54 IST" skipped="0">
  <testcase classname="com.Window.WindowHandleEx" name="test01" time="5.282"/>
  <system-out/>
</testsuite> <!-- com.Window.WindowHandleEx -->
