<?xml version="1.0" encoding="UTF-8"?>
<!-- Generated by org.testng.reporters.JUnitReportReporter -->
<testsuite hostname="DESKTOP-4OER0U3" failures="0" tests="1" name="com.Window.FrameEx" time="15.226" errors="0" timestamp="2022-11-28T16:11:38 IST" skipped="0">
  <testcase classname="com.Window.FrameEx" name="test01" time="15.226"/>
  <system-out/>
</testsuite> <!-- com.Window.FrameEx -->
