<?xml version="1.0" encoding="UTF-8"?>
<!-- Generated by org.testng.reporters.JUnitReportReporter -->
<testsuite hostname="DESKTOP-4OER0U3" failures="0" tests="2" name="com.tests.SeleniumGrid" time="8.454" errors="0" timestamp="2022-12-01T18:08:53 IST" skipped="0">
  <testcase classname="com.tests.SeleniumGrid" name="test01" time="4.532"/>
  <system-out/>
  <testcase classname="com.tests.SeleniumGrid" name="test01" time="3.922"/>
  <system-out/>
</testsuite> <!-- com.tests.SeleniumGrid -->
