<?xml version="1.0" encoding="UTF-8"?>
<!-- Generated by org.testng.reporters.JUnitReportReporter -->
<testsuite hostname="DESKTOP-4OER0U3" failures="0" tests="1" name="AutoIt.FileUploadEx" time="15.039" errors="0" timestamp="2022-11-29T22:59:08 IST" skipped="0">
  <testcase classname="AutoIt.FileUploadEx" name="test01" time="15.039"/>
  <system-out/>
</testsuite> <!-- AutoIt.FileUploadEx -->
