<?xml version="1.0" encoding="UTF-8"?>
<!-- Generated by org.testng.reporters.JUnitReportReporter -->
<testsuite hostname="DESKTOP-4OER0U3" failures="0" tests="1" name="com.Excel.ReadExcel" time="0.732" errors="0" timestamp="2022-11-27T13:25:49 IST" skipped="0">
  <testcase classname="com.Excel.ReadExcel" name="test1" time="0.732"/>
  <system-out/>
</testsuite> <!-- com.Excel.ReadExcel -->
